<?xml version="1.0" encoding="UTF-8"?>
<!-- Generated by org.testng.reporters.JUnitXMLReporter -->
<testsuite ignored="1" hostname="AnshulPC" failures="0" tests="1" name="Default test" time="3.545" errors="0" timestamp="2023-08-28T15:06:02 IST">
  <testcase classname="RestAPI.APITesting.ParsingJSONResponseData" name="testResponseJSONsecondMethod" time="3.474"/>
  <testcase classname="RestAPI.APITesting.ParsingJSONResponseData" name="testResponseJSON" time="0.0">
    <ignored/>
  </testcase> <!-- testResponseJSON -->
</testsuite> <!-- Default test -->
