<?xml version="1.0" encoding="UTF-8"?>
<testng-results ignored="1" total="2" passed="1" failed="0" skipped="0">
  <reporter-output>
  </reporter-output>
  <suite started-at="2023-08-28T15:05:58 IST" name="Default suite" finished-at="2023-08-28T15:06:02 IST" duration-ms="3545">
    <groups>
    </groups>
    <test started-at="2023-08-28T15:05:58 IST" name="Default test" finished-at="2023-08-28T15:06:02 IST" duration-ms="3545">
      <class name="RestAPI.APITesting.ParsingJSONResponseData">
        <test-method signature="testResponseJSONsecondMethod()[pri:2, instance:RestAPI.APITesting.ParsingJSONResponseData@18d87d80]" started-at="2023-08-28T15:05:58 IST" name="testResponseJSONsecondMethod" finished-at="2023-08-28T15:06:02 IST" duration-ms="3474" status="PASS">
          <reporter-output>
          </reporter-output>
        </test-method> <!-- testResponseJSONsecondMethod -->
      </class> <!-- RestAPI.APITesting.ParsingJSONResponseData -->
    </test> <!-- Default test -->
  </suite> <!-- Default suite -->
</testng-results>
